Flow report for DrumSetDriver
Wed Apr 27 06:49:05 2016
Quartus II 64-Bit Version 13.0.0 Build 156 04/24/2013 SJ Web Edition


---------------------
; Table of Contents ;
---------------------
  1. Legal Notice
  2. Flow Summary
  3. Flow Settings
  4. Flow Non-Default Global Settings
  5. Flow Elapsed Time
  6. Flow OS Summary
  7. Flow Log
  8. Flow Messages
  9. Flow Suppressed Messages



----------------
; Legal Notice ;
----------------
Copyright (C) 1991-2013 Altera Corporation
Your use of Altera Corporation's design tools, logic functions 
and other software and tools, and its AMPP partner logic 
functions, and any output files from any of the foregoing 
(including device programming or simulation files), and any 
associated documentation or information are expressly subject 
to the terms and conditions of the Altera Program License 
Subscription Agreement, Altera MegaCore Function License 
Agreement, or other applicable license agreement, including, 
without limitation, that your use is for the sole purpose of 
programming logic devices manufactured by Altera and sold by 
Altera or its authorized distributors.  Please refer to the 
applicable agreement for further details.



+---------------------------------------------------------------------------------+
; Flow Summary                                                                    ;
+------------------------------------+--------------------------------------------+
; Flow Status                        ; Successful - Wed Apr 27 06:49:05 2016      ;
; Quartus II 64-Bit Version          ; 13.0.0 Build 156 04/24/2013 SJ Web Edition ;
; Revision Name                      ; DrumSetDriver                              ;
; Top-level Entity Name              ; IO_MemoryInterface                         ;
; Family                             ; Cyclone II                                 ;
; Device                             ; EP2C35U484C7                               ;
; Timing Models                      ; Final                                      ;
; Total logic elements               ; 296 / 33,216 ( < 1 % )                     ;
;     Total combinational functions  ; 238 / 33,216 ( < 1 % )                     ;
;     Dedicated logic registers      ; 209 / 33,216 ( < 1 % )                     ;
; Total registers                    ; 209                                        ;
; Total pins                         ; 119 / 322 ( 37 % )                         ;
; Total virtual pins                 ; 0                                          ;
; Total memory bits                  ; 0 / 483,840 ( 0 % )                        ;
; Embedded Multiplier 9-bit elements ; 0 / 70 ( 0 % )                             ;
; Total PLLs                         ; 0 / 4 ( 0 % )                              ;
+------------------------------------+--------------------------------------------+


+-----------------------------------------+
; Flow Settings                           ;
+-------------------+---------------------+
; Option            ; Setting             ;
+-------------------+---------------------+
; Start date & time ; 04/27/2016 06:48:50 ;
; Main task         ; Compilation         ;
; Revision Name     ; DrumSetDriver       ;
+-------------------+---------------------+


+-----------------------------------------------------------------------------------------------------------------------------------+
; Flow Non-Default Global Settings                                                                                                  ;
+-------------------------------------+---------------------------------------+---------------+--------------------+----------------+
; Assignment Name                     ; Value                                 ; Default Value ; Entity Name        ; Section Id     ;
+-------------------------------------+---------------------------------------+---------------+--------------------+----------------+
; COMPILER_SIGNATURE_ID               ; 255726482557817.146175773008316       ; --            ; --                 ; --             ;
; EDA_OUTPUT_DATA_FORMAT              ; Vhdl                                  ; --            ; --                 ; eda_simulation ;
; EDA_RUN_TOOL_AUTOMATICALLY          ; On                                    ; --            ; --                 ; eda_simulation ;
; EDA_SIMULATION_RUN_SCRIPT           ; DrumSetDriver.do                      ; --            ; --                 ; eda_simulation ;
; EDA_SIMULATION_TOOL                 ; ModelSim-Altera (VHDL)                ; <None>        ; --                 ; --             ;
; EDA_TEST_BENCH_ENABLE_STATUS        ; COMMAND_MACRO_MODE                    ; --            ; --                 ; eda_simulation ;
; MAX_CORE_JUNCTION_TEMP              ; 85                                    ; --            ; --                 ; --             ;
; MIN_CORE_JUNCTION_TEMP              ; 0                                     ; --            ; --                 ; --             ;
; PARTITION_COLOR                     ; 16764057                              ; --            ; IO_MemoryInterface ; Top            ;
; PARTITION_FITTER_PRESERVATION_LEVEL ; PLACEMENT_AND_ROUTING                 ; --            ; IO_MemoryInterface ; Top            ;
; PARTITION_NETLIST_TYPE              ; SOURCE                                ; --            ; IO_MemoryInterface ; Top            ;
; POWER_BOARD_THERMAL_MODEL           ; None (CONSERVATIVE)                   ; --            ; --                 ; --             ;
; POWER_PRESET_COOLING_SOLUTION       ; 23 MM HEAT SINK WITH 200 LFPM AIRFLOW ; --            ; --                 ; --             ;
; PROJECT_OUTPUT_DIRECTORY            ; output_files                          ; --            ; --                 ; --             ;
; TOP_LEVEL_ENTITY                    ; IO_MemoryInterface                    ; DrumSetDriver ; --                 ; --             ;
+-------------------------------------+---------------------------------------+---------------+--------------------+----------------+


+-------------------------------------------------------------------------------------------------------------------------------+
; Flow Elapsed Time                                                                                                             ;
+---------------------------+--------------+-------------------------+---------------------+------------------------------------+
; Module Name               ; Elapsed Time ; Average Processors Used ; Peak Virtual Memory ; Total CPU Time (on all processors) ;
+---------------------------+--------------+-------------------------+---------------------+------------------------------------+
; Analysis & Synthesis      ; 00:00:03     ; 1.0                     ; 539 MB              ; 00:00:02                           ;
; Fitter                    ; 00:00:08     ; 1.0                     ; 763 MB              ; 00:00:07                           ;
; Assembler                 ; 00:00:01     ; 1.0                     ; 453 MB              ; 00:00:02                           ;
; TimeQuest Timing Analyzer ; 00:00:01     ; 1.0                     ; 434 MB              ; 00:00:01                           ;
; EDA Netlist Writer        ; 00:00:00     ; 1.0                     ; 413 MB              ; 00:00:00                           ;
; Total                     ; 00:00:13     ; --                      ; --                  ; 00:00:12                           ;
+---------------------------+--------------+-------------------------+---------------------+------------------------------------+


+----------------------------------------------------------------------------------------+
; Flow OS Summary                                                                        ;
+---------------------------+------------------+-----------+------------+----------------+
; Module Name               ; Machine Hostname ; OS Name   ; OS Version ; Processor type ;
+---------------------------+------------------+-----------+------------+----------------+
; Analysis & Synthesis      ; Zach-PC          ; Windows 7 ; 6.2        ; x86_64         ;
; Fitter                    ; Zach-PC          ; Windows 7 ; 6.2        ; x86_64         ;
; Assembler                 ; Zach-PC          ; Windows 7 ; 6.2        ; x86_64         ;
; TimeQuest Timing Analyzer ; Zach-PC          ; Windows 7 ; 6.2        ; x86_64         ;
; EDA Netlist Writer        ; Zach-PC          ; Windows 7 ; 6.2        ; x86_64         ;
+---------------------------+------------------+-----------+------------+----------------+


------------
; Flow Log ;
------------
quartus_map --read_settings_files=on --write_settings_files=off DrumSetDriver -c DrumSetDriver
quartus_fit --read_settings_files=off --write_settings_files=off DrumSetDriver -c DrumSetDriver
quartus_asm --read_settings_files=off --write_settings_files=off DrumSetDriver -c DrumSetDriver
quartus_sta DrumSetDriver -c DrumSetDriver
quartus_eda --read_settings_files=off --write_settings_files=off DrumSetDriver -c DrumSetDriver



